12/01/31 13:10:40    INICIA APPLICACION ...........................
12/01/31 13:10:40    InterfazDb iniciada.
12/01/31 13:19:47    INICIA APPLICACION ...........................
12/01/31 13:19:47    InterfazDb iniciada.
12/01/31 13:19:54    INICIA APPLICACION ...........................
12/01/31 13:19:54    InterfazDb iniciada.
12/01/31 13:35:45    INICIA APPLICACION ...........................
12/01/31 13:35:45    InterfazDb iniciada.
12/01/31 13:48:57    INICIA APPLICACION ...........................
12/01/31 13:48:57    InterfazDb iniciada.
12/01/31 13:49:31    INICIA APPLICACION ...........................
12/01/31 13:49:31    InterfazDb iniciada.
12/02/02 09:25:16    INICIA APPLICACION ...........................
12/02/02 09:25:16    InterfazDb iniciada.
12/02/02 09:25:32    System.Data.OleDb.OleDbException  (Microsoft Access Database Engine - Void .ctor(System.Data.OleDb.OleDbConnectionString, System.Data.OleDb.OleDbConnection)): [msg: interfazDB] No se pudo encontrar el archivo 'C:\Users\Martin\Proyectos\CheckIn Turnos\CheckIn Turnos\bin\Release\Bar Turnos.accdb'. (   en System.Data.OleDb.OleDbConnectionInternal..ctor(OleDbConnectionString constr, OleDbConnection connection)
   en System.Data.OleDb.OleDbConnectionFactory.CreateConnection(DbConnectionOptions options, Object poolGroupProviderInfo, DbConnectionPool pool, DbConnection owningObject)
   en System.Data.ProviderBase.DbConnectionFactory.CreateNonPooledConnection(DbConnection owningConnection, DbConnectionPoolGroup poolGroup)
   en System.Data.ProviderBase.DbConnectionFactory.GetConnection(DbConnection owningConnection)
   en System.Data.ProviderBase.DbConnectionClosed.OpenConnection(DbConnection outerConnection, DbConnectionFactory connectionFactory)
   en System.Data.OleDb.OleDbConnection.Open()
   en dbTurnos.DataSQL.AutoGeneratedDataTable.Refrescar() en C:\Users\Martin\Proyectos\CheckIn Turnos\db -Turnos\AutoGeneratedDataTable.cs:línea 42
   en dbTurnos.DataSQL.AutoGeneratedDataTable..ctor(String consulta) en C:\Users\Martin\Proyectos\CheckIn Turnos\db -Turnos\AutoGeneratedDataTable.cs:línea 28
   en dbTurnos.InterfazDb.TurnosGetAbiertos() en C:\Users\Martin\Proyectos\CheckIn Turnos\db -Turnos\InterfazDb.cs:línea 46)
12/02/02 09:25:32    System.Data.OleDb.OleDbException  (Microsoft Access Database Engine - Void .ctor(System.Data.OleDb.OleDbConnectionString, System.Data.OleDb.OleDbConnection)): [msg: ErrHandler4GUI] No se pudo encontrar el archivo 'C:\Users\Martin\Proyectos\CheckIn Turnos\CheckIn Turnos\bin\Release\Bar Turnos.accdb'. (   en dbTurnos.InterfazDb.TurnosGetAbiertos() en C:\Users\Martin\Proyectos\CheckIn Turnos\db -Turnos\InterfazDb.cs:línea 51
   en CheckIn_Turnos.TurnosForm.<ActualizarTurnos>b__5() en C:\Users\Martin\Proyectos\CheckIn Turnos\CheckIn Turnos\TurnosForm.cs:línea 110
   en CheckIn_Turnos.ErrorHandlerForGUI.intentar(Action sinManejoDeExcepciones) en C:\Users\Martin\Proyectos\CheckIn Turnos\CheckIn Turnos\ErrorHandlerForGUI.cs:línea 20)
12/02/02 09:25:37    System.Data.OleDb.OleDbException  (Microsoft Access Database Engine - Void .ctor(System.Data.OleDb.OleDbConnectionString, System.Data.OleDb.OleDbConnection)): [msg: interfazDB] No se pudo encontrar el archivo 'C:\Users\Martin\Proyectos\CheckIn Turnos\CheckIn Turnos\bin\Release\Bar Turnos.accdb'. (   en System.Data.OleDb.OleDbConnectionInternal..ctor(OleDbConnectionString constr, OleDbConnection connection)
   en System.Data.OleDb.OleDbConnectionFactory.CreateConnection(DbConnectionOptions options, Object poolGroupProviderInfo, DbConnectionPool pool, DbConnection owningObject)
   en System.Data.ProviderBase.DbConnectionFactory.CreateNonPooledConnection(DbConnection owningConnection, DbConnectionPoolGroup poolGroup)
   en System.Data.ProviderBase.DbConnectionFactory.GetConnection(DbConnection owningConnection)
   en System.Data.ProviderBase.DbConnectionClosed.OpenConnection(DbConnection outerConnection, DbConnectionFactory connectionFactory)
   en System.Data.OleDb.OleDbConnection.Open()
   en dbTurnos.DataSQL.AutoGeneratedDataTable.Refrescar() en C:\Users\Martin\Proyectos\CheckIn Turnos\db -Turnos\AutoGeneratedDataTable.cs:línea 42
   en dbTurnos.DataSQL.AutoGeneratedDataTable..ctor(String consulta) en C:\Users\Martin\Proyectos\CheckIn Turnos\db -Turnos\AutoGeneratedDataTable.cs:línea 28
   en dbTurnos.InterfazDb.TurnosGetAbiertos() en C:\Users\Martin\Proyectos\CheckIn Turnos\db -Turnos\InterfazDb.cs:línea 46)
12/02/02 09:25:37    System.Data.OleDb.OleDbException  (Microsoft Access Database Engine - Void .ctor(System.Data.OleDb.OleDbConnectionString, System.Data.OleDb.OleDbConnection)): [msg: ErrHandler4GUI] No se pudo encontrar el archivo 'C:\Users\Martin\Proyectos\CheckIn Turnos\CheckIn Turnos\bin\Release\Bar Turnos.accdb'. (   en dbTurnos.InterfazDb.TurnosGetAbiertos() en C:\Users\Martin\Proyectos\CheckIn Turnos\db -Turnos\InterfazDb.cs:línea 51
   en CheckIn_Turnos.TurnosForm.<ActualizarTurnos>b__5() en C:\Users\Martin\Proyectos\CheckIn Turnos\CheckIn Turnos\TurnosForm.cs:línea 110
   en CheckIn_Turnos.ErrorHandlerForGUI.intentar(Action sinManejoDeExcepciones) en C:\Users\Martin\Proyectos\CheckIn Turnos\CheckIn Turnos\ErrorHandlerForGUI.cs:línea 20)
12/02/02 09:25:44    INICIA APPLICACION ...........................
12/02/02 09:25:44    InterfazDb iniciada.
12/02/02 09:26:24    System.Data.OleDb.OleDbException  (Microsoft Access Database Engine - Void .ctor(System.Data.OleDb.OleDbConnectionString, System.Data.OleDb.OleDbConnection)): [msg: interfazDB] No se pudo encontrar el archivo 'C:\Users\Martin\Proyectos\CheckIn Turnos\CheckIn Turnos\bin\Release\Bar Turnos.accdb'. (   en System.Data.OleDb.OleDbConnectionInternal..ctor(OleDbConnectionString constr, OleDbConnection connection)
   en System.Data.OleDb.OleDbConnectionFactory.CreateConnection(DbConnectionOptions options, Object poolGroupProviderInfo, DbConnectionPool pool, DbConnection owningObject)
   en System.Data.ProviderBase.DbConnectionFactory.CreateNonPooledConnection(DbConnection owningConnection, DbConnectionPoolGroup poolGroup)
   en System.Data.ProviderBase.DbConnectionFactory.GetConnection(DbConnection owningConnection)
   en System.Data.ProviderBase.DbConnectionClosed.OpenConnection(DbConnection outerConnection, DbConnectionFactory connectionFactory)
   en System.Data.OleDb.OleDbConnection.Open()
   en dbTurnos.DataSQL.AutoGeneratedDataTable.Refrescar() en C:\Users\Martin\Proyectos\CheckIn Turnos\db -Turnos\AutoGeneratedDataTable.cs:línea 42
   en dbTurnos.InterfazDb.TurnosGetAbiertos() en C:\Users\Martin\Proyectos\CheckIn Turnos\db -Turnos\InterfazDb.cs:línea 46)
12/02/02 09:26:24    System.Data.OleDb.OleDbException  (Microsoft Access Database Engine - Void .ctor(System.Data.OleDb.OleDbConnectionString, System.Data.OleDb.OleDbConnection)): [msg: ErrHandler4GUI] No se pudo encontrar el archivo 'C:\Users\Martin\Proyectos\CheckIn Turnos\CheckIn Turnos\bin\Release\Bar Turnos.accdb'. (   en dbTurnos.InterfazDb.TurnosGetAbiertos() en C:\Users\Martin\Proyectos\CheckIn Turnos\db -Turnos\InterfazDb.cs:línea 51
   en CheckIn_Turnos.TurnosForm.<ActualizarTurnos>b__5() en C:\Users\Martin\Proyectos\CheckIn Turnos\CheckIn Turnos\TurnosForm.cs:línea 110
   en CheckIn_Turnos.ErrorHandlerForGUI.intentar(Action sinManejoDeExcepciones) en C:\Users\Martin\Proyectos\CheckIn Turnos\CheckIn Turnos\ErrorHandlerForGUI.cs:línea 20)
12/02/02 09:26:50    INICIA APPLICACION ...........................
12/02/02 09:26:50    InterfazDb iniciada.
12/02/02 09:26:50    System.Data.OleDb.OleDbException  (Microsoft Access Database Engine - Void .ctor(System.Data.OleDb.OleDbConnectionString, System.Data.OleDb.OleDbConnection)): [msg: interfazDB] No se pudo encontrar el archivo 'C:\Users\Martin\Proyectos\CheckIn Turnos\CheckIn Turnos\bin\Release\Bar Turnos.accdb'. (   en System.Data.OleDb.OleDbConnectionInternal..ctor(OleDbConnectionString constr, OleDbConnection connection)
   en System.Data.OleDb.OleDbConnectionFactory.CreateConnection(DbConnectionOptions options, Object poolGroupProviderInfo, DbConnectionPool pool, DbConnection owningObject)
   en System.Data.ProviderBase.DbConnectionFactory.CreateNonPooledConnection(DbConnection owningConnection, DbConnectionPoolGroup poolGroup)
   en System.Data.ProviderBase.DbConnectionFactory.GetConnection(DbConnection owningConnection)
   en System.Data.ProviderBase.DbConnectionClosed.OpenConnection(DbConnection outerConnection, DbConnectionFactory connectionFactory)
   en System.Data.OleDb.OleDbConnection.Open()
   en dbTurnos.DataSQL.AutoGeneratedDataTable.Refrescar() en C:\Users\Martin\Proyectos\CheckIn Turnos\db -Turnos\AutoGeneratedDataTable.cs:línea 42
   en dbTurnos.DataSQL.AutoGeneratedDataTable..ctor(String consulta) en C:\Users\Martin\Proyectos\CheckIn Turnos\db -Turnos\AutoGeneratedDataTable.cs:línea 28
   en dbTurnos.InterfazDb.TurnosGetAbiertos() en C:\Users\Martin\Proyectos\CheckIn Turnos\db -Turnos\InterfazDb.cs:línea 46)
12/02/02 09:26:50    System.Data.OleDb.OleDbException  (Microsoft Access Database Engine - Void .ctor(System.Data.OleDb.OleDbConnectionString, System.Data.OleDb.OleDbConnection)): [msg: ErrHandler4GUI] No se pudo encontrar el archivo 'C:\Users\Martin\Proyectos\CheckIn Turnos\CheckIn Turnos\bin\Release\Bar Turnos.accdb'. (   en dbTurnos.InterfazDb.TurnosGetAbiertos() en C:\Users\Martin\Proyectos\CheckIn Turnos\db -Turnos\InterfazDb.cs:línea 51
   en CheckIn_Turnos.TurnosForm.<ActualizarTurnos>b__5() en C:\Users\Martin\Proyectos\CheckIn Turnos\CheckIn Turnos\TurnosForm.cs:línea 110
   en CheckIn_Turnos.ErrorHandlerForGUI.intentar(Action sinManejoDeExcepciones) en C:\Users\Martin\Proyectos\CheckIn Turnos\CheckIn Turnos\ErrorHandlerForGUI.cs:línea 20)
12/02/02 09:27:04    INICIA APPLICACION ...........................
12/02/02 09:27:04    InterfazDb iniciada.
12/02/02 09:27:04    System.Data.OleDb.OleDbException  (Microsoft Access Database Engine - Void .ctor(System.Data.OleDb.OleDbConnectionString, System.Data.OleDb.OleDbConnection)): [msg: interfazDB] No se pudo encontrar el archivo 'C:\Users\Martin\Proyectos\CheckIn Turnos\CheckIn Turnos\bin\Release\Bar Turnos.accdb'. (   en System.Data.OleDb.OleDbConnectionInternal..ctor(OleDbConnectionString constr, OleDbConnection connection)
   en System.Data.OleDb.OleDbConnectionFactory.CreateConnection(DbConnectionOptions options, Object poolGroupProviderInfo, DbConnectionPool pool, DbConnection owningObject)
   en System.Data.ProviderBase.DbConnectionFactory.CreateNonPooledConnection(DbConnection owningConnection, DbConnectionPoolGroup poolGroup)
   en System.Data.ProviderBase.DbConnectionFactory.GetConnection(DbConnection owningConnection)
   en System.Data.ProviderBase.DbConnectionClosed.OpenConnection(DbConnection outerConnection, DbConnectionFactory connectionFactory)
   en System.Data.OleDb.OleDbConnection.Open()
   en dbTurnos.DataSQL.AutoGeneratedDataTable.Refrescar() en C:\Users\Martin\Proyectos\CheckIn Turnos\db -Turnos\AutoGeneratedDataTable.cs:línea 42
   en dbTurnos.DataSQL.AutoGeneratedDataTable..ctor(String consulta) en C:\Users\Martin\Proyectos\CheckIn Turnos\db -Turnos\AutoGeneratedDataTable.cs:línea 28
   en dbTurnos.InterfazDb.TurnosGetAbiertos() en C:\Users\Martin\Proyectos\CheckIn Turnos\db -Turnos\InterfazDb.cs:línea 46)
12/02/02 09:27:04    System.Data.OleDb.OleDbException  (Microsoft Access Database Engine - Void .ctor(System.Data.OleDb.OleDbConnectionString, System.Data.OleDb.OleDbConnection)): [msg: ErrHandler4GUI] No se pudo encontrar el archivo 'C:\Users\Martin\Proyectos\CheckIn Turnos\CheckIn Turnos\bin\Release\Bar Turnos.accdb'. (   en dbTurnos.InterfazDb.TurnosGetAbiertos() en C:\Users\Martin\Proyectos\CheckIn Turnos\db -Turnos\InterfazDb.cs:línea 51
   en CheckIn_Turnos.TurnosForm.<ActualizarTurnos>b__5() en C:\Users\Martin\Proyectos\CheckIn Turnos\CheckIn Turnos\TurnosForm.cs:línea 110
   en CheckIn_Turnos.ErrorHandlerForGUI.intentar(Action sinManejoDeExcepciones) en C:\Users\Martin\Proyectos\CheckIn Turnos\CheckIn Turnos\ErrorHandlerForGUI.cs:línea 20)
12/02/02 09:29:10    INICIA APPLICACION ...........................
12/02/02 09:29:10    InterfazDb iniciada.
12/02/02 09:29:22    dbTurnos.Excepciones.ParUsuarioContraseñaIncorrectoException  ( - ): [msg: interfazDB] Usuario y/o contraseña incorrecto.  ()
12/02/02 09:30:08    System.Data.OleDb.OleDbException  (Microsoft Access Database Engine - Void .ctor(System.Data.OleDb.OleDbConnectionString, System.Data.OleDb.OleDbConnection)): [msg: interfazDB] No se pudo encontrar el archivo 'C:\Users\Martin\Proyectos\CheckIn Turnos\CheckIn Turnos\bin\Release\Bar Turnos.accdb'. (   en System.Data.OleDb.OleDbConnectionInternal..ctor(OleDbConnectionString constr, OleDbConnection connection)
   en System.Data.OleDb.OleDbConnectionFactory.CreateConnection(DbConnectionOptions options, Object poolGroupProviderInfo, DbConnectionPool pool, DbConnection owningObject)
   en System.Data.ProviderBase.DbConnectionFactory.CreateNonPooledConnection(DbConnection owningConnection, DbConnectionPoolGroup poolGroup)
   en System.Data.ProviderBase.DbConnectionFactory.GetConnection(DbConnection owningConnection)
   en System.Data.ProviderBase.DbConnectionClosed.OpenConnection(DbConnection outerConnection, DbConnectionFactory connectionFactory)
   en System.Data.OleDb.OleDbConnection.Open()
   en dbTurnos.DataSQL.AutoGeneratedDataTable.Refrescar() en C:\Users\Martin\Proyectos\CheckIn Turnos\db -Turnos\AutoGeneratedDataTable.cs:línea 42
   en dbTurnos.DataSQL.AutoGeneratedDataTable..ctor(String consulta) en C:\Users\Martin\Proyectos\CheckIn Turnos\db -Turnos\AutoGeneratedDataTable.cs:línea 28
   en dbTurnos.InterfazDb.TurnosGetAbiertos() en C:\Users\Martin\Proyectos\CheckIn Turnos\db -Turnos\InterfazDb.cs:línea 46)
12/02/02 09:30:08    System.Data.OleDb.OleDbException  (Microsoft Access Database Engine - Void .ctor(System.Data.OleDb.OleDbConnectionString, System.Data.OleDb.OleDbConnection)): [msg: ErrHandler4GUI] No se pudo encontrar el archivo 'C:\Users\Martin\Proyectos\CheckIn Turnos\CheckIn Turnos\bin\Release\Bar Turnos.accdb'. (   en dbTurnos.InterfazDb.TurnosGetAbiertos() en C:\Users\Martin\Proyectos\CheckIn Turnos\db -Turnos\InterfazDb.cs:línea 51
   en CheckIn_Turnos.TurnosForm.<ActualizarTurnos>b__5() en C:\Users\Martin\Proyectos\CheckIn Turnos\CheckIn Turnos\TurnosForm.cs:línea 110
   en CheckIn_Turnos.ErrorHandlerForGUI.intentar(Action sinManejoDeExcepciones) en C:\Users\Martin\Proyectos\CheckIn Turnos\CheckIn Turnos\ErrorHandlerForGUI.cs:línea 20)
12/02/02 09:31:10    INICIA APPLICACION ...........................
12/02/02 09:31:10    InterfazDb iniciada.
12/02/02 09:31:10    System.Data.OleDb.OleDbException  (Microsoft Access Database Engine - Void .ctor(System.Data.OleDb.OleDbConnectionString, System.Data.OleDb.OleDbConnection)): [msg: interfazDB] No se pudo encontrar el archivo 'C:\Users\Martin\Proyectos\CheckIn Turnos\CheckIn Turnos\bin\Release\Bar Turnos.accdb'. (   en System.Data.OleDb.OleDbConnectionInternal..ctor(OleDbConnectionString constr, OleDbConnection connection)
   en System.Data.OleDb.OleDbConnectionFactory.CreateConnection(DbConnectionOptions options, Object poolGroupProviderInfo, DbConnectionPool pool, DbConnection owningObject)
   en System.Data.ProviderBase.DbConnectionFactory.CreateNonPooledConnection(DbConnection owningConnection, DbConnectionPoolGroup poolGroup)
   en System.Data.ProviderBase.DbConnectionFactory.GetConnection(DbConnection owningConnection)
   en System.Data.ProviderBase.DbConnectionClosed.OpenConnection(DbConnection outerConnection, DbConnectionFactory connectionFactory)
   en System.Data.OleDb.OleDbConnection.Open()
   en dbTurnos.DataSQL.AutoGeneratedDataTable.Refrescar() en C:\Users\Martin\Proyectos\CheckIn Turnos\db -Turnos\AutoGeneratedDataTable.cs:línea 42
   en dbTurnos.DataSQL.AutoGeneratedDataTable..ctor(String consulta) en C:\Users\Martin\Proyectos\CheckIn Turnos\db -Turnos\AutoGeneratedDataTable.cs:línea 28
   en dbTurnos.InterfazDb.TurnosGetAbiertos() en C:\Users\Martin\Proyectos\CheckIn Turnos\db -Turnos\InterfazDb.cs:línea 46)
12/02/02 09:31:10    System.Data.OleDb.OleDbException  (Microsoft Access Database Engine - Void .ctor(System.Data.OleDb.OleDbConnectionString, System.Data.OleDb.OleDbConnection)): [msg: ErrHandler4GUI] No se pudo encontrar el archivo 'C:\Users\Martin\Proyectos\CheckIn Turnos\CheckIn Turnos\bin\Release\Bar Turnos.accdb'. (   en dbTurnos.InterfazDb.TurnosGetAbiertos() en C:\Users\Martin\Proyectos\CheckIn Turnos\db -Turnos\InterfazDb.cs:línea 51
   en CheckIn_Turnos.TurnosForm.<ActualizarTurnos>b__5() en C:\Users\Martin\Proyectos\CheckIn Turnos\CheckIn Turnos\TurnosForm.cs:línea 110
   en CheckIn_Turnos.ErrorHandlerForGUI.intentar(Action sinManejoDeExcepciones) en C:\Users\Martin\Proyectos\CheckIn Turnos\CheckIn Turnos\ErrorHandlerForGUI.cs:línea 20)
12/02/02 09:32:56    INICIA APPLICACION ...........................
12/02/02 09:32:57    InterfazDb iniciada.
12/02/02 09:33:00    System.Data.OleDb.OleDbException  (Microsoft Access Database Engine - Void .ctor(System.Data.OleDb.OleDbConnectionString, System.Data.OleDb.OleDbConnection)): [msg: interfazDB] No se pudo encontrar el archivo 'C:\Users\Martin\Proyectos\CheckIn Turnos\CheckIn Turnos\bin\Release\Bar Turnos.accdb'. (   en System.Data.OleDb.OleDbConnectionInternal..ctor(OleDbConnectionString constr, OleDbConnection connection)
   en System.Data.OleDb.OleDbConnectionFactory.CreateConnection(DbConnectionOptions options, Object poolGroupProviderInfo, DbConnectionPool pool, DbConnection owningObject)
   en System.Data.ProviderBase.DbConnectionFactory.CreateNonPooledConnection(DbConnection owningConnection, DbConnectionPoolGroup poolGroup)
   en System.Data.ProviderBase.DbConnectionFactory.GetConnection(DbConnection owningConnection)
   en System.Data.ProviderBase.DbConnectionClosed.OpenConnection(DbConnection outerConnection, DbConnectionFactory connectionFactory)
   en System.Data.OleDb.OleDbConnection.Open()
   en dbTurnos.DataSQL.AutoGeneratedDataTable.Refrescar() en C:\Users\Martin\Proyectos\CheckIn Turnos\db -Turnos\AutoGeneratedDataTable.cs:línea 42
   en dbTurnos.DataSQL.AutoGeneratedDataTable..ctor(String consulta) en C:\Users\Martin\Proyectos\CheckIn Turnos\db -Turnos\AutoGeneratedDataTable.cs:línea 28
   en dbTurnos.InterfazDb.TurnosGetAbiertos() en C:\Users\Martin\Proyectos\CheckIn Turnos\db -Turnos\InterfazDb.cs:línea 46)
12/02/02 09:33:00    System.Data.OleDb.OleDbException  (Microsoft Access Database Engine - Void .ctor(System.Data.OleDb.OleDbConnectionString, System.Data.OleDb.OleDbConnection)): [msg: ErrHandler4GUI] No se pudo encontrar el archivo 'C:\Users\Martin\Proyectos\CheckIn Turnos\CheckIn Turnos\bin\Release\Bar Turnos.accdb'. (   en dbTurnos.InterfazDb.TurnosGetAbiertos() en C:\Users\Martin\Proyectos\CheckIn Turnos\db -Turnos\InterfazDb.cs:línea 51
   en CheckIn_Turnos.TurnosForm.<ActualizarTurnos>b__5() en C:\Users\Martin\Proyectos\CheckIn Turnos\CheckIn Turnos\TurnosForm.cs:línea 110
   en CheckIn_Turnos.ErrorHandlerForGUI.intentar(Action sinManejoDeExcepciones) en C:\Users\Martin\Proyectos\CheckIn Turnos\CheckIn Turnos\ErrorHandlerForGUI.cs:línea 20)
12/02/02 09:33:21    INICIA APPLICACION ...........................
12/02/02 09:33:21    InterfazDb iniciada.
12/02/02 09:33:44    System.Data.OleDb.OleDbException  (Microsoft Access Database Engine - Void .ctor(System.Data.OleDb.OleDbConnectionString, System.Data.OleDb.OleDbConnection)): [msg: interfazDB] No se pudo encontrar el archivo 'C:\Users\Martin\Proyectos\CheckIn Turnos\CheckIn Turnos\bin\Release\Bar Turnos.accdb'. (   en System.Data.OleDb.OleDbConnectionInternal..ctor(OleDbConnectionString constr, OleDbConnection connection)
   en System.Data.OleDb.OleDbConnectionFactory.CreateConnection(DbConnectionOptions options, Object poolGroupProviderInfo, DbConnectionPool pool, DbConnection owningObject)
   en System.Data.ProviderBase.DbConnectionFactory.CreateNonPooledConnection(DbConnection owningConnection, DbConnectionPoolGroup poolGroup)
   en System.Data.ProviderBase.DbConnectionFactory.GetConnection(DbConnection owningConnection)
   en System.Data.ProviderBase.DbConnectionClosed.OpenConnection(DbConnection outerConnection, DbConnectionFactory connectionFactory)
   en System.Data.OleDb.OleDbConnection.Open()
   en dbTurnos.DataSQL.AutoGeneratedDataTable.Refrescar() en C:\Users\Martin\Proyectos\CheckIn Turnos\db -Turnos\AutoGeneratedDataTable.cs:línea 42
   en dbTurnos.DataSQL.AutoGeneratedDataTable..ctor(String consulta) en C:\Users\Martin\Proyectos\CheckIn Turnos\db -Turnos\AutoGeneratedDataTable.cs:línea 28
   en dbTurnos.InterfazDb.TurnosGetAbiertos() en C:\Users\Martin\Proyectos\CheckIn Turnos\db -Turnos\InterfazDb.cs:línea 46)
12/02/02 09:33:44    System.Data.OleDb.OleDbException  (Microsoft Access Database Engine - Void .ctor(System.Data.OleDb.OleDbConnectionString, System.Data.OleDb.OleDbConnection)): [msg: ErrHandler4GUI] No se pudo encontrar el archivo 'C:\Users\Martin\Proyectos\CheckIn Turnos\CheckIn Turnos\bin\Release\Bar Turnos.accdb'. (   en dbTurnos.InterfazDb.TurnosGetAbiertos() en C:\Users\Martin\Proyectos\CheckIn Turnos\db -Turnos\InterfazDb.cs:línea 51
   en CheckIn_Turnos.TurnosForm.<ActualizarTurnos>b__5() en C:\Users\Martin\Proyectos\CheckIn Turnos\CheckIn Turnos\TurnosForm.cs:línea 110
   en CheckIn_Turnos.ErrorHandlerForGUI.intentar(Action sinManejoDeExcepciones) en C:\Users\Martin\Proyectos\CheckIn Turnos\CheckIn Turnos\ErrorHandlerForGUI.cs:línea 20)
12/02/02 09:34:13    INICIA APPLICACION ...........................
12/02/02 09:34:13    InterfazDb iniciada.
12/02/02 09:34:13    System.Data.OleDb.OleDbException  (Microsoft Access Database Engine - Void .ctor(System.Data.OleDb.OleDbConnectionString, System.Data.OleDb.OleDbConnection)): [msg: interfazDB] No se pudo encontrar el archivo 'C:\Users\Martin\Proyectos\CheckIn Turnos\CheckIn Turnos\bin\Release\Bar Turnos.accdb'. (   en System.Data.OleDb.OleDbConnectionInternal..ctor(OleDbConnectionString constr, OleDbConnection connection)
   en System.Data.OleDb.OleDbConnectionFactory.CreateConnection(DbConnectionOptions options, Object poolGroupProviderInfo, DbConnectionPool pool, DbConnection owningObject)
   en System.Data.ProviderBase.DbConnectionFactory.CreateNonPooledConnection(DbConnection owningConnection, DbConnectionPoolGroup poolGroup)
   en System.Data.ProviderBase.DbConnectionFactory.GetConnection(DbConnection owningConnection)
   en System.Data.ProviderBase.DbConnectionClosed.OpenConnection(DbConnection outerConnection, DbConnectionFactory connectionFactory)
   en System.Data.OleDb.OleDbConnection.Open()
   en dbTurnos.DataSQL.AutoGeneratedDataTable.Refrescar() en C:\Users\Martin\Proyectos\CheckIn Turnos\db -Turnos\AutoGeneratedDataTable.cs:línea 42
   en dbTurnos.DataSQL.AutoGeneratedDataTable..ctor(String consulta) en C:\Users\Martin\Proyectos\CheckIn Turnos\db -Turnos\AutoGeneratedDataTable.cs:línea 28
   en dbTurnos.InterfazDb.TurnosGetAbiertos() en C:\Users\Martin\Proyectos\CheckIn Turnos\db -Turnos\InterfazDb.cs:línea 46)
12/02/02 09:34:13    System.Data.OleDb.OleDbException  (Microsoft Access Database Engine - Void .ctor(System.Data.OleDb.OleDbConnectionString, System.Data.OleDb.OleDbConnection)): [msg: ErrHandler4GUI] No se pudo encontrar el archivo 'C:\Users\Martin\Proyectos\CheckIn Turnos\CheckIn Turnos\bin\Release\Bar Turnos.accdb'. (   en dbTurnos.InterfazDb.TurnosGetAbiertos() en C:\Users\Martin\Proyectos\CheckIn Turnos\db -Turnos\InterfazDb.cs:línea 51
   en CheckIn_Turnos.TurnosForm.<ActualizarTurnos>b__5() en C:\Users\Martin\Proyectos\CheckIn Turnos\CheckIn Turnos\TurnosForm.cs:línea 110
   en CheckIn_Turnos.ErrorHandlerForGUI.intentar(Action sinManejoDeExcepciones) en C:\Users\Martin\Proyectos\CheckIn Turnos\CheckIn Turnos\ErrorHandlerForGUI.cs:línea 20)
12/02/02 09:34:24    INICIA APPLICACION ...........................
12/02/02 09:34:24    InterfazDb iniciada.
12/02/02 09:35:03    System.Data.OleDb.OleDbException  (Microsoft Access Database Engine - Void .ctor(System.Data.OleDb.OleDbConnectionString, System.Data.OleDb.OleDbConnection)): [msg: interfazDB] No se pudo encontrar el archivo 'C:\Users\Martin\Proyectos\CheckIn Turnos\CheckIn Turnos\bin\Release\Bar Turnos.accdb'. (   en System.Data.OleDb.OleDbConnectionInternal..ctor(OleDbConnectionString constr, OleDbConnection connection)
   en System.Data.OleDb.OleDbConnectionFactory.CreateConnection(DbConnectionOptions options, Object poolGroupProviderInfo, DbConnectionPool pool, DbConnection owningObject)
   en System.Data.ProviderBase.DbConnectionFactory.CreateNonPooledConnection(DbConnection owningConnection, DbConnectionPoolGroup poolGroup)
   en System.Data.ProviderBase.DbConnectionFactory.GetConnection(DbConnection owningConnection)
   en System.Data.ProviderBase.DbConnectionClosed.OpenConnection(DbConnection outerConnection, DbConnectionFactory connectionFactory)
   en System.Data.OleDb.OleDbConnection.Open()
   en dbTurnos.DataSQL.AutoGeneratedDataTable.Refrescar() en C:\Users\Martin\Proyectos\CheckIn Turnos\db -Turnos\AutoGeneratedDataTable.cs:línea 42
   en dbTurnos.DataSQL.AutoGeneratedDataTable..ctor(String consulta) en C:\Users\Martin\Proyectos\CheckIn Turnos\db -Turnos\AutoGeneratedDataTable.cs:línea 28
   en dbTurnos.InterfazDb.TurnosGetAbiertos() en C:\Users\Martin\Proyectos\CheckIn Turnos\db -Turnos\InterfazDb.cs:línea 46)
12/02/02 09:35:24    System.Data.OleDb.OleDbException  (Microsoft Access Database Engine - Void .ctor(System.Data.OleDb.OleDbConnectionString, System.Data.OleDb.OleDbConnection)): [msg: ErrHandler4GUI] No se pudo encontrar el archivo 'C:\Users\Martin\Proyectos\CheckIn Turnos\CheckIn Turnos\bin\Release\Bar Turnos.accdb'. (   en dbTurnos.InterfazDb.TurnosGetAbiertos() en C:\Users\Martin\Proyectos\CheckIn Turnos\db -Turnos\InterfazDb.cs:línea 51
   en CheckIn_Turnos.TurnosForm.<ActualizarTurnos>b__5() en C:\Users\Martin\Proyectos\CheckIn Turnos\CheckIn Turnos\TurnosForm.cs:línea 110
   en CheckIn_Turnos.ErrorHandlerForGUI.intentar(Action sinManejoDeExcepciones) en C:\Users\Martin\Proyectos\CheckIn Turnos\CheckIn Turnos\ErrorHandlerForGUI.cs:línea 20)
12/02/02 09:37:46    INICIA APPLICACION ...........................
12/02/02 09:37:47    InterfazDb iniciada.
12/02/02 09:37:54    System.Data.OleDb.OleDbException  (Microsoft Access Database Engine - Void .ctor(System.Data.OleDb.OleDbConnectionString, System.Data.OleDb.OleDbConnection)): [msg: interfazDB] No se pudo encontrar el archivo 'C:\Users\Martin\Proyectos\CheckIn Turnos\CheckIn Turnos\bin\Release\Bar Turnos.accdb'. (   en System.Data.OleDb.OleDbConnectionInternal..ctor(OleDbConnectionString constr, OleDbConnection connection)
   en System.Data.OleDb.OleDbConnectionFactory.CreateConnection(DbConnectionOptions options, Object poolGroupProviderInfo, DbConnectionPool pool, DbConnection owningObject)
   en System.Data.ProviderBase.DbConnectionFactory.CreateNonPooledConnection(DbConnection owningConnection, DbConnectionPoolGroup poolGroup)
   en System.Data.ProviderBase.DbConnectionFactory.GetConnection(DbConnection owningConnection)
   en System.Data.ProviderBase.DbConnectionClosed.OpenConnection(DbConnection outerConnection, DbConnectionFactory connectionFactory)
   en System.Data.OleDb.OleDbConnection.Open()
   en dbTurnos.DataSQL.AutoGeneratedDataTable.Refrescar() en C:\Users\Martin\Proyectos\CheckIn Turnos\db -Turnos\AutoGeneratedDataTable.cs:línea 42
   en dbTurnos.DataSQL.AutoGeneratedDataTable..ctor(String consulta) en C:\Users\Martin\Proyectos\CheckIn Turnos\db -Turnos\AutoGeneratedDataTable.cs:línea 28
   en dbTurnos.InterfazDb.TurnosGetAbiertos() en C:\Users\Martin\Proyectos\CheckIn Turnos\db -Turnos\InterfazDb.cs:línea 46)
12/02/02 09:37:54    System.Data.OleDb.OleDbException  (Microsoft Access Database Engine - Void .ctor(System.Data.OleDb.OleDbConnectionString, System.Data.OleDb.OleDbConnection)): [msg: ErrHandler4GUI] No se pudo encontrar el archivo 'C:\Users\Martin\Proyectos\CheckIn Turnos\CheckIn Turnos\bin\Release\Bar Turnos.accdb'. (   en dbTurnos.InterfazDb.TurnosGetAbiertos() en C:\Users\Martin\Proyectos\CheckIn Turnos\db -Turnos\InterfazDb.cs:línea 51
   en CheckIn_Turnos.TurnosForm.<ActualizarTurnos>b__5() en C:\Users\Martin\Proyectos\CheckIn Turnos\CheckIn Turnos\TurnosForm.cs:línea 110
   en CheckIn_Turnos.ErrorHandlerForGUI.intentar(Action sinManejoDeExcepciones) en C:\Users\Martin\Proyectos\CheckIn Turnos\CheckIn Turnos\ErrorHandlerForGUI.cs:línea 20)
12/02/02 09:39:37    INICIA APPLICACION ...........................
12/02/02 09:39:37    InterfazDb iniciada.
12/02/02 09:39:37    System.Data.OleDb.OleDbException  (Microsoft Access Database Engine - Void .ctor(System.Data.OleDb.OleDbConnectionString, System.Data.OleDb.OleDbConnection)): [msg: interfazDB] No se pudo encontrar el archivo 'C:\Users\Martin\Proyectos\CheckIn Turnos\CheckIn Turnos\bin\Release\Bar Turnos.accdb'. (   en System.Data.OleDb.OleDbConnectionInternal..ctor(OleDbConnectionString constr, OleDbConnection connection)
   en System.Data.OleDb.OleDbConnectionFactory.CreateConnection(DbConnectionOptions options, Object poolGroupProviderInfo, DbConnectionPool pool, DbConnection owningObject)
   en System.Data.ProviderBase.DbConnectionFactory.CreateNonPooledConnection(DbConnection owningConnection, DbConnectionPoolGroup poolGroup)
   en System.Data.ProviderBase.DbConnectionFactory.GetConnection(DbConnection owningConnection)
   en System.Data.ProviderBase.DbConnectionClosed.OpenConnection(DbConnection outerConnection, DbConnectionFactory connectionFactory)
   en System.Data.OleDb.OleDbConnection.Open()
   en dbTurnos.DataSQL.AutoGeneratedDataTable.Refrescar() en C:\Users\Martin\Proyectos\CheckIn Turnos\db -Turnos\AutoGeneratedDataTable.cs:línea 42
   en dbTurnos.DataSQL.AutoGeneratedDataTable..ctor(String consulta) en C:\Users\Martin\Proyectos\CheckIn Turnos\db -Turnos\AutoGeneratedDataTable.cs:línea 28
   en dbTurnos.InterfazDb.TurnosGetAbiertos() en C:\Users\Martin\Proyectos\CheckIn Turnos\db -Turnos\InterfazDb.cs:línea 46)
12/02/02 09:39:37    System.Data.OleDb.OleDbException  (Microsoft Access Database Engine - Void .ctor(System.Data.OleDb.OleDbConnectionString, System.Data.OleDb.OleDbConnection)): [msg: ErrHandler4GUI] No se pudo encontrar el archivo 'C:\Users\Martin\Proyectos\CheckIn Turnos\CheckIn Turnos\bin\Release\Bar Turnos.accdb'. (   en dbTurnos.InterfazDb.TurnosGetAbiertos() en C:\Users\Martin\Proyectos\CheckIn Turnos\db -Turnos\InterfazDb.cs:línea 51
   en CheckIn_Turnos.TurnosForm.<ActualizarTurnos>b__5() en C:\Users\Martin\Proyectos\CheckIn Turnos\CheckIn Turnos\TurnosForm.cs:línea 110
   en CheckIn_Turnos.ErrorHandlerForGUI.intentar(Action sinManejoDeExcepciones) en C:\Users\Martin\Proyectos\CheckIn Turnos\CheckIn Turnos\ErrorHandlerForGUI.cs:línea 20)
12/02/02 09:40:12    INICIA APPLICACION ...........................
12/02/02 09:40:12    InterfazDb iniciada.
12/02/02 09:40:34    System.Data.OleDb.OleDbException  (Microsoft Access Database Engine - Void .ctor(System.Data.OleDb.OleDbConnectionString, System.Data.OleDb.OleDbConnection)): [msg: interfazDB] No se pudo encontrar el archivo 'C:\Users\Martin\Proyectos\CheckIn Turnos\CheckIn Turnos\bin\Release\Bar Turnos.accdb'. (   en System.Data.OleDb.OleDbConnectionInternal..ctor(OleDbConnectionString constr, OleDbConnection connection)
   en System.Data.OleDb.OleDbConnectionFactory.CreateConnection(DbConnectionOptions options, Object poolGroupProviderInfo, DbConnectionPool pool, DbConnection owningObject)
   en System.Data.ProviderBase.DbConnectionFactory.CreateNonPooledConnection(DbConnection owningConnection, DbConnectionPoolGroup poolGroup)
   en System.Data.ProviderBase.DbConnectionFactory.GetConnection(DbConnection owningConnection)
   en System.Data.ProviderBase.DbConnectionClosed.OpenConnection(DbConnection outerConnection, DbConnectionFactory connectionFactory)
   en System.Data.OleDb.OleDbConnection.Open()
   en dbTurnos.DataSQL.AutoGeneratedDataTable.Refrescar() en C:\Users\Martin\Proyectos\CheckIn Turnos\db -Turnos\AutoGeneratedDataTable.cs:línea 42
   en dbTurnos.DataSQL.AutoGeneratedDataTable..ctor(String consulta) en C:\Users\Martin\Proyectos\CheckIn Turnos\db -Turnos\AutoGeneratedDataTable.cs:línea 28
   en dbTurnos.InterfazDb.Identificar(String usuario, String contraseña) en C:\Users\Martin\Proyectos\CheckIn Turnos\db -Turnos\InterfazDb.cs:línea 137)
12/02/02 09:40:34    System.Data.OleDb.OleDbException  (Microsoft Access Database Engine - Void .ctor(System.Data.OleDb.OleDbConnectionString, System.Data.OleDb.OleDbConnection)): [msg: ErrHandler4GUI] No se pudo encontrar el archivo 'C:\Users\Martin\Proyectos\CheckIn Turnos\CheckIn Turnos\bin\Release\Bar Turnos.accdb'. (   en dbTurnos.InterfazDb.Identificar(String usuario, String contraseña) en C:\Users\Martin\Proyectos\CheckIn Turnos\db -Turnos\InterfazDb.cs:línea 152
   en CheckIn_Turnos.IdentificacionForm.ingresar_cmd_Click(Object sender, EventArgs e) en C:\Users\Martin\Proyectos\CheckIn Turnos\CheckIn Turnos\IdentificacionForm.cs:línea 34
   en System.Windows.Forms.Control.OnClick(EventArgs e)
   en System.Windows.Forms.Button.OnClick(EventArgs e)
   en System.Windows.Forms.Button.PerformClick()
   en System.Windows.Forms.Form.ProcessDialogKey(Keys keyData)
   en System.Windows.Forms.TextBoxBase.ProcessDialogKey(Keys keyData)
   en System.Windows.Forms.Control.PreProcessMessage(Message& msg)
   en System.Windows.Forms.Control.PreProcessControlMessageInternal(Control target, Message& msg)
   en System.Windows.Forms.Application.ThreadContext.PreTranslateMessage(MSG& msg)
   en System.Windows.Forms.Application.ThreadContext.System.Windows.Forms.UnsafeNativeMethods.IMsoComponent.FPreTranslateMessage(MSG& msg)
   en System.Windows.Forms.Application.ComponentManager.System.Windows.Forms.UnsafeNativeMethods.IMsoComponentManager.FPushMessageLoop(IntPtr dwComponentID, Int32 reason, Int32 pvLoopData)
   en System.Windows.Forms.Application.ThreadContext.RunMessageLoopInner(Int32 reason, ApplicationContext context)
   en System.Windows.Forms.Application.ThreadContext.RunMessageLoop(Int32 reason, ApplicationContext context)
   en System.Windows.Forms.Application.RunDialog(Form form)
   en System.Windows.Forms.Form.ShowDialog(IWin32Window owner)
   en CheckIn_Turnos.IdentificacionForm.ShowDialog(IWin32Window owner, Boolean permitirRequerirCambio) en C:\Users\Martin\Proyectos\CheckIn Turnos\CheckIn Turnos\IdentificacionForm.cs:línea 62
   en CheckIn_Turnos.TurnosForm.<administracion_cmd_Click>b__6() en C:\Users\Martin\Proyectos\CheckIn Turnos\CheckIn Turnos\TurnosForm.cs:línea 142
   en CheckIn_Turnos.ErrorHandlerForGUI.intentar(Action sinManejoDeExcepciones) en C:\Users\Martin\Proyectos\CheckIn Turnos\CheckIn Turnos\ErrorHandlerForGUI.cs:línea 20)
12/02/02 09:41:56    INICIA APPLICACION ...........................
12/02/02 09:41:56    InterfazDb iniciada.
12/02/02 09:42:09    System.Data.OleDb.OleDbException  (Microsoft Access Database Engine - Void .ctor(System.Data.OleDb.OleDbConnectionString, System.Data.OleDb.OleDbConnection)): [msg: interfazDB] No se pudo encontrar el archivo 'C:\Users\Martin\Proyectos\CheckIn Turnos\CheckIn Turnos\bin\Release\Bar Turnos.accdb'. (   en System.Data.OleDb.OleDbConnectionInternal..ctor(OleDbConnectionString constr, OleDbConnection connection)
   en System.Data.OleDb.OleDbConnectionFactory.CreateConnection(DbConnectionOptions options, Object poolGroupProviderInfo, DbConnectionPool pool, DbConnection owningObject)
   en System.Data.ProviderBase.DbConnectionFactory.CreateNonPooledConnection(DbConnection owningConnection, DbConnectionPoolGroup poolGroup)
   en System.Data.ProviderBase.DbConnectionFactory.GetConnection(DbConnection owningConnection)
   en System.Data.ProviderBase.DbConnectionClosed.OpenConnection(DbConnection outerConnection, DbConnectionFactory connectionFactory)
   en System.Data.OleDb.OleDbConnection.Open()
   en dbTurnos.DataSQL.AutoGeneratedDataTable.Refrescar() en C:\Users\Martin\Proyectos\CheckIn Turnos\db -Turnos\AutoGeneratedDataTable.cs:línea 42
   en dbTurnos.DataSQL.AutoGeneratedDataTable..ctor(String consulta) en C:\Users\Martin\Proyectos\CheckIn Turnos\db -Turnos\AutoGeneratedDataTable.cs:línea 28
   en dbTurnos.InterfazDb.TurnosGetAbiertos() en C:\Users\Martin\Proyectos\CheckIn Turnos\db -Turnos\InterfazDb.cs:línea 46)
12/02/02 09:42:09    System.Data.OleDb.OleDbException  (Microsoft Access Database Engine - Void .ctor(System.Data.OleDb.OleDbConnectionString, System.Data.OleDb.OleDbConnection)): [msg: ErrHandler4GUI] No se pudo encontrar el archivo 'C:\Users\Martin\Proyectos\CheckIn Turnos\CheckIn Turnos\bin\Release\Bar Turnos.accdb'. (   en dbTurnos.InterfazDb.TurnosGetAbiertos() en C:\Users\Martin\Proyectos\CheckIn Turnos\db -Turnos\InterfazDb.cs:línea 51
   en CheckIn_Turnos.TurnosForm.<ActualizarTurnos>b__5() en C:\Users\Martin\Proyectos\CheckIn Turnos\CheckIn Turnos\TurnosForm.cs:línea 109
   en CheckIn_Turnos.ErrorHandlerForGUI.intentar(Action sinManejoDeExcepciones) en C:\Users\Martin\Proyectos\CheckIn Turnos\CheckIn Turnos\ErrorHandlerForGUI.cs:línea 20)
12/02/02 09:42:15    INICIA APPLICACION ...........................
12/02/02 09:42:15    InterfazDb iniciada.
12/02/02 09:42:15    System.Data.OleDb.OleDbException  (Microsoft Access Database Engine - Void .ctor(System.Data.OleDb.OleDbConnectionString, System.Data.OleDb.OleDbConnection)): [msg: interfazDB] No se pudo encontrar el archivo 'C:\Users\Martin\Proyectos\CheckIn Turnos\CheckIn Turnos\bin\Release\Bar Turnos.accdb'. (   en System.Data.OleDb.OleDbConnectionInternal..ctor(OleDbConnectionString constr, OleDbConnection connection)
   en System.Data.OleDb.OleDbConnectionFactory.CreateConnection(DbConnectionOptions options, Object poolGroupProviderInfo, DbConnectionPool pool, DbConnection owningObject)
   en System.Data.ProviderBase.DbConnectionFactory.CreateNonPooledConnection(DbConnection owningConnection, DbConnectionPoolGroup poolGroup)
   en System.Data.ProviderBase.DbConnectionFactory.GetConnection(DbConnection owningConnection)
   en System.Data.ProviderBase.DbConnectionClosed.OpenConnection(DbConnection outerConnection, DbConnectionFactory connectionFactory)
   en System.Data.OleDb.OleDbConnection.Open()
   en dbTurnos.DataSQL.AutoGeneratedDataTable.Refrescar() en C:\Users\Martin\Proyectos\CheckIn Turnos\db -Turnos\AutoGeneratedDataTable.cs:línea 42
   en dbTurnos.InterfazDb.TurnosGetAbiertos() en C:\Users\Martin\Proyectos\CheckIn Turnos\db -Turnos\InterfazDb.cs:línea 46)
12/02/02 09:42:15    System.Data.OleDb.OleDbException  (Microsoft Access Database Engine - Void .ctor(System.Data.OleDb.OleDbConnectionString, System.Data.OleDb.OleDbConnection)): [msg: ErrHandler4GUI] No se pudo encontrar el archivo 'C:\Users\Martin\Proyectos\CheckIn Turnos\CheckIn Turnos\bin\Release\Bar Turnos.accdb'. (   en dbTurnos.InterfazDb.TurnosGetAbiertos() en C:\Users\Martin\Proyectos\CheckIn Turnos\db -Turnos\InterfazDb.cs:línea 51
   en CheckIn_Turnos.TurnosForm.<ActualizarTurnos>b__5() en C:\Users\Martin\Proyectos\CheckIn Turnos\CheckIn Turnos\TurnosForm.cs:línea 109
   en CheckIn_Turnos.ErrorHandlerForGUI.intentar(Action sinManejoDeExcepciones) en C:\Users\Martin\Proyectos\CheckIn Turnos\CheckIn Turnos\ErrorHandlerForGUI.cs:línea 20)
12/02/02 09:42:18    INICIA APPLICACION ...........................
12/02/02 09:42:18    InterfazDb iniciada.
12/02/02 09:42:18    System.Data.OleDb.OleDbException  (Microsoft Access Database Engine - Void .ctor(System.Data.OleDb.OleDbConnectionString, System.Data.OleDb.OleDbConnection)): [msg: interfazDB] No se pudo encontrar el archivo 'C:\Users\Martin\Proyectos\CheckIn Turnos\CheckIn Turnos\bin\Release\Bar Turnos.accdb'. (   en System.Data.OleDb.OleDbConnectionInternal..ctor(OleDbConnectionString constr, OleDbConnection connection)
   en System.Data.OleDb.OleDbConnectionFactory.CreateConnection(DbConnectionOptions options, Object poolGroupProviderInfo, DbConnectionPool pool, DbConnection owningObject)
   en System.Data.ProviderBase.DbConnectionFactory.CreateNonPooledConnection(DbConnection owningConnection, DbConnectionPoolGroup poolGroup)
   en System.Data.ProviderBase.DbConnectionFactory.GetConnection(DbConnection owningConnection)
   en System.Data.ProviderBase.DbConnectionClosed.OpenConnection(DbConnection outerConnection, DbConnectionFactory connectionFactory)
   en System.Data.OleDb.OleDbConnection.Open()
   en dbTurnos.DataSQL.AutoGeneratedDataTable.Refrescar() en C:\Users\Martin\Proyectos\CheckIn Turnos\db -Turnos\AutoGeneratedDataTable.cs:línea 42
   en dbTurnos.InterfazDb.TurnosGetAbiertos() en C:\Users\Martin\Proyectos\CheckIn Turnos\db -Turnos\InterfazDb.cs:línea 46)
12/02/02 09:42:18    System.Data.OleDb.OleDbException  (Microsoft Access Database Engine - Void .ctor(System.Data.OleDb.OleDbConnectionString, System.Data.OleDb.OleDbConnection)): [msg: ErrHandler4GUI] No se pudo encontrar el archivo 'C:\Users\Martin\Proyectos\CheckIn Turnos\CheckIn Turnos\bin\Release\Bar Turnos.accdb'. (   en dbTurnos.InterfazDb.TurnosGetAbiertos() en C:\Users\Martin\Proyectos\CheckIn Turnos\db -Turnos\InterfazDb.cs:línea 51
   en CheckIn_Turnos.TurnosForm.<ActualizarTurnos>b__5() en C:\Users\Martin\Proyectos\CheckIn Turnos\CheckIn Turnos\TurnosForm.cs:línea 109
   en CheckIn_Turnos.ErrorHandlerForGUI.intentar(Action sinManejoDeExcepciones) en C:\Users\Martin\Proyectos\CheckIn Turnos\CheckIn Turnos\ErrorHandlerForGUI.cs:línea 20)
12/02/02 09:49:24    INICIA APPLICACION ...........................
12/02/02 09:49:24    InterfazDb iniciada.
12/02/02 09:51:36    System.Data.OleDb.OleDbException  (Microsoft Access Database Engine - Void .ctor(System.Data.OleDb.OleDbConnectionString, System.Data.OleDb.OleDbConnection)): [msg: interfazDB] No se pudo encontrar el archivo 'C:\Users\Martin\Proyectos\CheckIn Turnos\CheckIn Turnos\bin\Release\Bar Turnos.accdb'. (   en System.Data.OleDb.OleDbConnectionInternal..ctor(OleDbConnectionString constr, OleDbConnection connection)
   en System.Data.OleDb.OleDbConnectionFactory.CreateConnection(DbConnectionOptions options, Object poolGroupProviderInfo, DbConnectionPool pool, DbConnection owningObject)
   en System.Data.ProviderBase.DbConnectionFactory.CreateNonPooledConnection(DbConnection owningConnection, DbConnectionPoolGroup poolGroup)
   en System.Data.ProviderBase.DbConnectionFactory.GetConnection(DbConnection owningConnection)
   en System.Data.ProviderBase.DbConnectionClosed.OpenConnection(DbConnection outerConnection, DbConnectionFactory connectionFactory)
   en System.Data.OleDb.OleDbConnection.Open()
   en dbTurnos.DataSQL.AutoGeneratedDataTable.Refrescar() en C:\Users\Martin\Proyectos\CheckIn Turnos\db -Turnos\AutoGeneratedDataTable.cs:línea 42
   en dbTurnos.DataSQL.AutoGeneratedDataTable..ctor(String consulta) en C:\Users\Martin\Proyectos\CheckIn Turnos\db -Turnos\AutoGeneratedDataTable.cs:línea 28
   en dbTurnos.InterfazDb.Identificar(String usuario, String contraseña) en C:\Users\Martin\Proyectos\CheckIn Turnos\db -Turnos\InterfazDb.cs:línea 137)
12/02/02 09:51:52    System.Data.OleDb.OleDbException  (Microsoft Access Database Engine - Void .ctor(System.Data.OleDb.OleDbConnectionString, System.Data.OleDb.OleDbConnection)): [msg: ErrHandler4GUI] No se pudo encontrar el archivo 'C:\Users\Martin\Proyectos\CheckIn Turnos\CheckIn Turnos\bin\Release\Bar Turnos.accdb'. (   en dbTurnos.InterfazDb.Identificar(String usuario, String contraseña) en C:\Users\Martin\Proyectos\CheckIn Turnos\db -Turnos\InterfazDb.cs:línea 152
   en CheckIn_Turnos.IdentificacionForm.ingresar_cmd_Click(Object sender, EventArgs e) en C:\Users\Martin\Proyectos\CheckIn Turnos\CheckIn Turnos\IdentificacionForm.cs:línea 36
   en System.Windows.Forms.Control.OnClick(EventArgs e)
   en System.Windows.Forms.Button.OnClick(EventArgs e)
   en System.Windows.Forms.Button.PerformClick()
   en System.Windows.Forms.Form.ProcessDialogKey(Keys keyData)
   en System.Windows.Forms.TextBoxBase.ProcessDialogKey(Keys keyData)
   en System.Windows.Forms.Control.PreProcessMessage(Message& msg)
   en System.Windows.Forms.Control.PreProcessControlMessageInternal(Control target, Message& msg)
   en System.Windows.Forms.Application.ThreadContext.PreTranslateMessage(MSG& msg)
   en System.Windows.Forms.Application.ThreadContext.System.Windows.Forms.UnsafeNativeMethods.IMsoComponent.FPreTranslateMessage(MSG& msg)
   en System.Windows.Forms.Application.ComponentManager.System.Windows.Forms.UnsafeNativeMethods.IMsoComponentManager.FPushMessageLoop(IntPtr dwComponentID, Int32 reason, Int32 pvLoopData)
   en System.Windows.Forms.Application.ThreadContext.RunMessageLoopInner(Int32 reason, ApplicationContext context)
   en System.Windows.Forms.Application.ThreadContext.RunMessageLoop(Int32 reason, ApplicationContext context)
   en System.Windows.Forms.Application.RunDialog(Form form)
   en System.Windows.Forms.Form.ShowDialog(IWin32Window owner)
   en CheckIn_Turnos.IdentificacionForm.ShowDialog(IWin32Window owner, Boolean permitirRequerirCambio) en C:\Users\Martin\Proyectos\CheckIn Turnos\CheckIn Turnos\IdentificacionForm.cs:línea 66
   en CheckIn_Turnos.TurnosForm.<AbrirTurno>b__0() en C:\Users\Martin\Proyectos\CheckIn Turnos\CheckIn Turnos\TurnosForm.cs:línea 43
   en CheckIn_Turnos.ErrorHandlerForGUI.intentar(Action sinManejoDeExcepciones) en C:\Users\Martin\Proyectos\CheckIn Turnos\CheckIn Turnos\ErrorHandlerForGUI.cs:línea 20)
12/02/02 09:51:58    INICIA APPLICACION ...........................
12/02/02 09:51:58    InterfazDb iniciada.
12/02/02 09:51:58    System.Data.OleDb.OleDbException  (Microsoft Access Database Engine - Void .ctor(System.Data.OleDb.OleDbConnectionString, System.Data.OleDb.OleDbConnection)): [msg: interfazDB] No se pudo encontrar el archivo 'C:\Users\Martin\Proyectos\CheckIn Turnos\CheckIn Turnos\bin\Release\Bar Turnos.accdb'. (   en System.Data.OleDb.OleDbConnectionInternal..ctor(OleDbConnectionString constr, OleDbConnection connection)
   en System.Data.OleDb.OleDbConnectionFactory.CreateConnection(DbConnectionOptions options, Object poolGroupProviderInfo, DbConnectionPool pool, DbConnection owningObject)
   en System.Data.ProviderBase.DbConnectionFactory.CreateNonPooledConnection(DbConnection owningConnection, DbConnectionPoolGroup poolGroup)
   en System.Data.ProviderBase.DbConnectionFactory.GetConnection(DbConnection owningConnection)
   en System.Data.ProviderBase.DbConnectionClosed.OpenConnection(DbConnection outerConnection, DbConnectionFactory connectionFactory)
   en System.Data.OleDb.OleDbConnection.Open()
   en dbTurnos.DataSQL.AutoGeneratedDataTable.Refrescar() en C:\Users\Martin\Proyectos\CheckIn Turnos\db -Turnos\AutoGeneratedDataTable.cs:línea 42
   en dbTurnos.DataSQL.AutoGeneratedDataTable..ctor(String consulta) en C:\Users\Martin\Proyectos\CheckIn Turnos\db -Turnos\AutoGeneratedDataTable.cs:línea 28
   en dbTurnos.InterfazDb.TurnosGetAbiertos() en C:\Users\Martin\Proyectos\CheckIn Turnos\db -Turnos\InterfazDb.cs:línea 46)
12/02/02 09:51:58    System.Data.OleDb.OleDbException  (Microsoft Access Database Engine - Void .ctor(System.Data.OleDb.OleDbConnectionString, System.Data.OleDb.OleDbConnection)): [msg: ErrHandler4GUI] No se pudo encontrar el archivo 'C:\Users\Martin\Proyectos\CheckIn Turnos\CheckIn Turnos\bin\Release\Bar Turnos.accdb'. (   en dbTurnos.InterfazDb.TurnosGetAbiertos() en C:\Users\Martin\Proyectos\CheckIn Turnos\db -Turnos\InterfazDb.cs:línea 51
   en CheckIn_Turnos.TurnosForm.<ActualizarTurnos>b__5() en C:\Users\Martin\Proyectos\CheckIn Turnos\CheckIn Turnos\TurnosForm.cs:línea 109
   en CheckIn_Turnos.ErrorHandlerForGUI.intentar(Action sinManejoDeExcepciones) en C:\Users\Martin\Proyectos\CheckIn Turnos\CheckIn Turnos\ErrorHandlerForGUI.cs:línea 20)
12/02/02 09:52:23    INICIA APPLICACION ...........................
12/02/02 09:52:23    InterfazDb iniciada.
12/02/02 09:56:35    System.Data.OleDb.OleDbException  (Microsoft Access Database Engine - Void .ctor(System.Data.OleDb.OleDbConnectionString, System.Data.OleDb.OleDbConnection)): [msg: interfazDB] No se pudo encontrar el archivo 'C:\Users\Martin\Proyectos\CheckIn Turnos\CheckIn Turnos\bin\Release\Bar Turnos.accdb'. (   en System.Data.OleDb.OleDbConnectionInternal..ctor(OleDbConnectionString constr, OleDbConnection connection)
   en System.Data.OleDb.OleDbConnectionFactory.CreateConnection(DbConnectionOptions options, Object poolGroupProviderInfo, DbConnectionPool pool, DbConnection owningObject)
   en System.Data.ProviderBase.DbConnectionFactory.CreateNonPooledConnection(DbConnection owningConnection, DbConnectionPoolGroup poolGroup)
   en System.Data.ProviderBase.DbConnectionFactory.GetConnection(DbConnection owningConnection)
   en System.Data.ProviderBase.DbConnectionClosed.OpenConnection(DbConnection outerConnection, DbConnectionFactory connectionFactory)
   en System.Data.OleDb.OleDbConnection.Open()
   en dbTurnos.DataSQL.AutoGeneratedDataTable.Refrescar() en C:\Users\Martin\Proyectos\CheckIn Turnos\db -Turnos\AutoGeneratedDataTable.cs:línea 42
   en dbTurnos.DataSQL.AutoGeneratedDataTable..ctor(String consulta) en C:\Users\Martin\Proyectos\CheckIn Turnos\db -Turnos\AutoGeneratedDataTable.cs:línea 28
   en dbTurnos.InterfazDb.Identificar(String usuario, String contraseña) en C:\Users\Martin\Proyectos\CheckIn Turnos\db -Turnos\InterfazDb.cs:línea 137)
12/02/02 09:57:01    System.Data.OleDb.OleDbException  (Microsoft Access Database Engine - Void .ctor(System.Data.OleDb.OleDbConnectionString, System.Data.OleDb.OleDbConnection)): [msg: ErrHandler4GUI] No se pudo encontrar el archivo 'C:\Users\Martin\Proyectos\CheckIn Turnos\CheckIn Turnos\bin\Release\Bar Turnos.accdb'. (   en dbTurnos.InterfazDb.Identificar(String usuario, String contraseña) en C:\Users\Martin\Proyectos\CheckIn Turnos\db -Turnos\InterfazDb.cs:línea 152
   en CheckIn_Turnos.IdentificacionForm.ingresar_cmd_Click(Object sender, EventArgs e) en C:\Users\Martin\Proyectos\CheckIn Turnos\CheckIn Turnos\IdentificacionForm.cs:línea 36
   en System.Windows.Forms.Control.OnClick(EventArgs e)
   en System.Windows.Forms.Button.OnClick(EventArgs e)
   en System.Windows.Forms.Button.PerformClick()
   en System.Windows.Forms.Form.ProcessDialogKey(Keys keyData)
   en System.Windows.Forms.TextBoxBase.ProcessDialogKey(Keys keyData)
   en System.Windows.Forms.Control.PreProcessMessage(Message& msg)
   en System.Windows.Forms.Control.PreProcessControlMessageInternal(Control target, Message& msg)
   en System.Windows.Forms.Application.ThreadContext.PreTranslateMessage(MSG& msg)
   en System.Windows.Forms.Application.ThreadContext.System.Windows.Forms.UnsafeNativeMethods.IMsoComponent.FPreTranslateMessage(MSG& msg)
   en System.Windows.Forms.Application.ComponentManager.System.Windows.Forms.UnsafeNativeMethods.IMsoComponentManager.FPushMessageLoop(IntPtr dwComponentID, Int32 reason, Int32 pvLoopData)
   en System.Windows.Forms.Application.ThreadContext.RunMessageLoopInner(Int32 reason, ApplicationContext context)
   en System.Windows.Forms.Application.ThreadContext.RunMessageLoop(Int32 reason, ApplicationContext context)
   en System.Windows.Forms.Application.RunDialog(Form form)
   en System.Windows.Forms.Form.ShowDialog(IWin32Window owner)
   en CheckIn_Turnos.IdentificacionForm.ShowDialog(IWin32Window owner, Boolean permitirRequerirCambio) en C:\Users\Martin\Proyectos\CheckIn Turnos\CheckIn Turnos\IdentificacionForm.cs:línea 66
   en CheckIn_Turnos.TurnosForm.<administracion_cmd_Click>b__6() en C:\Users\Martin\Proyectos\CheckIn Turnos\CheckIn Turnos\TurnosForm.cs:línea 141
   en CheckIn_Turnos.ErrorHandlerForGUI.intentar(Action sinManejoDeExcepciones) en C:\Users\Martin\Proyectos\CheckIn Turnos\CheckIn Turnos\ErrorHandlerForGUI.cs:línea 20)
12/02/02 09:57:29    INICIA APPLICACION ...........................
12/02/02 09:57:29    InterfazDb iniciada.
12/02/02 09:57:29    System.Data.OleDb.OleDbException  (Microsoft Access Database Engine - Void .ctor(System.Data.OleDb.OleDbConnectionString, System.Data.OleDb.OleDbConnection)): [msg: interfazDB] No se pudo encontrar el archivo 'C:\Users\Martin\Proyectos\CheckIn Turnos\CheckIn Turnos\bin\Release\Bar Turnos.accdb'. (   en System.Data.OleDb.OleDbConnectionInternal..ctor(OleDbConnectionString constr, OleDbConnection connection)
   en System.Data.OleDb.OleDbConnectionFactory.CreateConnection(DbConnectionOptions options, Object poolGroupProviderInfo, DbConnectionPool pool, DbConnection owningObject)
   en System.Data.ProviderBase.DbConnectionFactory.CreateNonPooledConnection(DbConnection owningConnection, DbConnectionPoolGroup poolGroup)
   en System.Data.ProviderBase.DbConnectionFactory.GetConnection(DbConnection owningConnection)
   en System.Data.ProviderBase.DbConnectionClosed.OpenConnection(DbConnection outerConnection, DbConnectionFactory connectionFactory)
   en System.Data.OleDb.OleDbConnection.Open()
   en dbTurnos.DataSQL.AutoGeneratedDataTable.Refrescar() en C:\Users\Martin\Proyectos\CheckIn Turnos\db -Turnos\AutoGeneratedDataTable.cs:línea 42
   en dbTurnos.DataSQL.AutoGeneratedDataTable..ctor(String consulta) en C:\Users\Martin\Proyectos\CheckIn Turnos\db -Turnos\AutoGeneratedDataTable.cs:línea 28
   en dbTurnos.InterfazDb.TurnosGetAbiertos() en C:\Users\Martin\Proyectos\CheckIn Turnos\db -Turnos\InterfazDb.cs:línea 46)
12/02/02 09:57:29    System.Data.OleDb.OleDbException  (Microsoft Access Database Engine - Void .ctor(System.Data.OleDb.OleDbConnectionString, System.Data.OleDb.OleDbConnection)): [msg: ErrHandler4GUI] No se pudo encontrar el archivo 'C:\Users\Martin\Proyectos\CheckIn Turnos\CheckIn Turnos\bin\Release\Bar Turnos.accdb'. (   en dbTurnos.InterfazDb.TurnosGetAbiertos() en C:\Users\Martin\Proyectos\CheckIn Turnos\db -Turnos\InterfazDb.cs:línea 51
   en CheckIn_Turnos.TurnosForm.<ActualizarTurnos>b__5() en C:\Users\Martin\Proyectos\CheckIn Turnos\CheckIn Turnos\TurnosForm.cs:línea 109
   en CheckIn_Turnos.ErrorHandlerForGUI.intentar(Action sinManejoDeExcepciones) en C:\Users\Martin\Proyectos\CheckIn Turnos\CheckIn Turnos\ErrorHandlerForGUI.cs:línea 20)
12/02/02 09:57:37    INICIA APPLICACION ...........................
12/02/02 09:57:37    InterfazDb iniciada.
12/02/02 09:58:35    System.Data.OleDb.OleDbException  (Microsoft Access Database Engine - Void .ctor(System.Data.OleDb.OleDbConnectionString, System.Data.OleDb.OleDbConnection)): [msg: interfazDB] No se pudo encontrar el archivo 'C:\Users\Martin\Proyectos\CheckIn Turnos\CheckIn Turnos\bin\Release\Bar Turnos.accdb'. (   en System.Data.OleDb.OleDbConnectionInternal..ctor(OleDbConnectionString constr, OleDbConnection connection)
   en System.Data.OleDb.OleDbConnectionFactory.CreateConnection(DbConnectionOptions options, Object poolGroupProviderInfo, DbConnectionPool pool, DbConnection owningObject)
   en System.Data.ProviderBase.DbConnectionFactory.CreateNonPooledConnection(DbConnection owningConnection, DbConnectionPoolGroup poolGroup)
   en System.Data.ProviderBase.DbConnectionFactory.GetConnection(DbConnection owningConnection)
   en System.Data.ProviderBase.DbConnectionClosed.OpenConnection(DbConnection outerConnection, DbConnectionFactory connectionFactory)
   en System.Data.OleDb.OleDbConnection.Open()
   en dbTurnos.DataSQL.AutoGeneratedDataTable.Refrescar() en C:\Users\Martin\Proyectos\CheckIn Turnos\db -Turnos\AutoGeneratedDataTable.cs:línea 42
   en dbTurnos.DataSQL.AutoGeneratedDataTable..ctor(String consulta) en C:\Users\Martin\Proyectos\CheckIn Turnos\db -Turnos\AutoGeneratedDataTable.cs:línea 28
   en dbTurnos.InterfazDb.Identificar(String usuario, String contraseña) en C:\Users\Martin\Proyectos\CheckIn Turnos\db -Turnos\InterfazDb.cs:línea 137)
12/02/02 09:59:11    System.Data.OleDb.OleDbException  (Microsoft Access Database Engine - Void .ctor(System.Data.OleDb.OleDbConnectionString, System.Data.OleDb.OleDbConnection)): [msg: ErrHandler4GUI] No se pudo encontrar el archivo 'C:\Users\Martin\Proyectos\CheckIn Turnos\CheckIn Turnos\bin\Release\Bar Turnos.accdb'. (   en dbTurnos.InterfazDb.Identificar(String usuario, String contraseña) en C:\Users\Martin\Proyectos\CheckIn Turnos\db -Turnos\InterfazDb.cs:línea 152
   en CheckIn_Turnos.IdentificacionForm.ingresar_cmd_Click(Object sender, EventArgs e) en C:\Users\Martin\Proyectos\CheckIn Turnos\CheckIn Turnos\IdentificacionForm.cs:línea 36
   en System.Windows.Forms.Control.OnClick(EventArgs e)
   en System.Windows.Forms.Button.OnClick(EventArgs e)
   en System.Windows.Forms.Button.PerformClick()
   en System.Windows.Forms.Form.ProcessDialogKey(Keys keyData)
   en System.Windows.Forms.TextBoxBase.ProcessDialogKey(Keys keyData)
   en System.Windows.Forms.Control.PreProcessMessage(Message& msg)
   en System.Windows.Forms.Control.PreProcessControlMessageInternal(Control target, Message& msg)
   en System.Windows.Forms.Application.ThreadContext.PreTranslateMessage(MSG& msg)
   en System.Windows.Forms.Application.ThreadContext.System.Windows.Forms.UnsafeNativeMethods.IMsoComponent.FPreTranslateMessage(MSG& msg)
   en System.Windows.Forms.Application.ComponentManager.System.Windows.Forms.UnsafeNativeMethods.IMsoComponentManager.FPushMessageLoop(IntPtr dwComponentID, Int32 reason, Int32 pvLoopData)
   en System.Windows.Forms.Application.ThreadContext.RunMessageLoopInner(Int32 reason, ApplicationContext context)
   en System.Windows.Forms.Application.ThreadContext.RunMessageLoop(Int32 reason, ApplicationContext context)
   en System.Windows.Forms.Application.RunDialog(Form form)
   en System.Windows.Forms.Form.ShowDialog(IWin32Window owner)
   en CheckIn_Turnos.IdentificacionForm.ShowDialog(IWin32Window owner, Boolean permitirRequerirCambio) en C:\Users\Martin\Proyectos\CheckIn Turnos\CheckIn Turnos\IdentificacionForm.cs:línea 66
   en CheckIn_Turnos.TurnosForm.<administracion_cmd_Click>b__6() en C:\Users\Martin\Proyectos\CheckIn Turnos\CheckIn Turnos\TurnosForm.cs:línea 141
   en CheckIn_Turnos.ErrorHandlerForGUI.intentar(Action sinManejoDeExcepciones) en C:\Users\Martin\Proyectos\CheckIn Turnos\CheckIn Turnos\ErrorHandlerForGUI.cs:línea 20)
12/02/02 09:59:47    INICIA APPLICACION ...........................
12/02/02 09:59:47    InterfazDb iniciada.
12/02/02 09:59:59    System.Data.OleDb.OleDbException  (Microsoft Access Database Engine - Void .ctor(System.Data.OleDb.OleDbConnectionString, System.Data.OleDb.OleDbConnection)): [msg: interfazDB] No se pudo encontrar el archivo 'C:\Users\Martin\Proyectos\CheckIn Turnos\CheckIn Turnos\bin\Release\Bar Turnos.accdb'. (   en System.Data.OleDb.OleDbConnectionInternal..ctor(OleDbConnectionString constr, OleDbConnection connection)
   en System.Data.OleDb.OleDbConnectionFactory.CreateConnection(DbConnectionOptions options, Object poolGroupProviderInfo, DbConnectionPool pool, DbConnection owningObject)
   en System.Data.ProviderBase.DbConnectionFactory.CreateNonPooledConnection(DbConnection owningConnection, DbConnectionPoolGroup poolGroup)
   en System.Data.ProviderBase.DbConnectionFactory.GetConnection(DbConnection owningConnection)
   en System.Data.ProviderBase.DbConnectionClosed.OpenConnection(DbConnection outerConnection, DbConnectionFactory connectionFactory)
   en System.Data.OleDb.OleDbConnection.Open()
   en dbTurnos.DataSQL.AutoGeneratedDataTable.Refrescar() en C:\Users\Martin\Proyectos\CheckIn Turnos\db -Turnos\AutoGeneratedDataTable.cs:línea 42
   en dbTurnos.DataSQL.AutoGeneratedDataTable..ctor(String consulta) en C:\Users\Martin\Proyectos\CheckIn Turnos\db -Turnos\AutoGeneratedDataTable.cs:línea 28
   en dbTurnos.InterfazDb.Identificar(String usuario, String contraseña) en C:\Users\Martin\Proyectos\CheckIn Turnos\db -Turnos\InterfazDb.cs:línea 137)
12/02/02 10:01:14    INICIA APPLICACION ...........................
12/02/02 10:01:14    InterfazDb iniciada.
12/02/02 10:01:42    System.Data.OleDb.OleDbException  (Microsoft Access Database Engine - Void .ctor(System.Data.OleDb.OleDbConnectionString, System.Data.OleDb.OleDbConnection)): [msg: interfazDB] No se pudo encontrar el archivo 'C:\Users\Martin\Proyectos\CheckIn Turnos\CheckIn Turnos\bin\Release\Bar Turnos.accdb'. (   en System.Data.OleDb.OleDbConnectionInternal..ctor(OleDbConnectionString constr, OleDbConnection connection)
   en System.Data.OleDb.OleDbConnectionFactory.CreateConnection(DbConnectionOptions options, Object poolGroupProviderInfo, DbConnectionPool pool, DbConnection owningObject)
   en System.Data.ProviderBase.DbConnectionFactory.CreateNonPooledConnection(DbConnection owningConnection, DbConnectionPoolGroup poolGroup)
   en System.Data.ProviderBase.DbConnectionFactory.GetConnection(DbConnection owningConnection)
   en System.Data.ProviderBase.DbConnectionClosed.OpenConnection(DbConnection outerConnection, DbConnectionFactory connectionFactory)
   en System.Data.OleDb.OleDbConnection.Open()
   en dbTurnos.DataSQL.AutoGeneratedDataTable.Refrescar() en C:\Users\Martin\Proyectos\CheckIn Turnos\db -Turnos\AutoGeneratedDataTable.cs:línea 42
   en dbTurnos.DataSQL.AutoGeneratedDataTable..ctor(String consulta) en C:\Users\Martin\Proyectos\CheckIn Turnos\db -Turnos\AutoGeneratedDataTable.cs:línea 28
   en dbTurnos.InterfazDb.Identificar(String usuario, String contraseña) en C:\Users\Martin\Proyectos\CheckIn Turnos\db -Turnos\InterfazDb.cs:línea 137)
12/02/02 10:02:29    System.Data.OleDb.OleDbException  (Microsoft Access Database Engine - Void .ctor(System.Data.OleDb.OleDbConnectionString, System.Data.OleDb.OleDbConnection)): [msg: ErrHandler4GUI] No se pudo encontrar el archivo 'C:\Users\Martin\Proyectos\CheckIn Turnos\CheckIn Turnos\bin\Release\Bar Turnos.accdb'. (   en dbTurnos.InterfazDb.Identificar(String usuario, String contraseña) en C:\Users\Martin\Proyectos\CheckIn Turnos\db -Turnos\InterfazDb.cs:línea 152
   en CheckIn_Turnos.IdentificacionForm.ingresar_cmd_Click(Object sender, EventArgs e) en C:\Users\Martin\Proyectos\CheckIn Turnos\CheckIn Turnos\IdentificacionForm.cs:línea 36
   en System.Windows.Forms.Control.OnClick(EventArgs e)
   en System.Windows.Forms.Button.OnClick(EventArgs e)
   en System.Windows.Forms.Button.PerformClick()
   en System.Windows.Forms.Form.ProcessDialogKey(Keys keyData)
   en System.Windows.Forms.TextBoxBase.ProcessDialogKey(Keys keyData)
   en System.Windows.Forms.Control.PreProcessMessage(Message& msg)
   en System.Windows.Forms.Control.PreProcessControlMessageInternal(Control target, Message& msg)
   en System.Windows.Forms.Application.ThreadContext.PreTranslateMessage(MSG& msg)
   en System.Windows.Forms.Application.ThreadContext.System.Windows.Forms.UnsafeNativeMethods.IMsoComponent.FPreTranslateMessage(MSG& msg)
   en System.Windows.Forms.Application.ComponentManager.System.Windows.Forms.UnsafeNativeMethods.IMsoComponentManager.FPushMessageLoop(IntPtr dwComponentID, Int32 reason, Int32 pvLoopData)
   en System.Windows.Forms.Application.ThreadContext.RunMessageLoopInner(Int32 reason, ApplicationContext context)
   en System.Windows.Forms.Application.ThreadContext.RunMessageLoop(Int32 reason, ApplicationContext context)
   en System.Windows.Forms.Application.RunDialog(Form form)
   en System.Windows.Forms.Form.ShowDialog(IWin32Window owner)
   en CheckIn_Turnos.IdentificacionForm.ShowDialog(IWin32Window owner, Boolean permitirRequerirCambio) en C:\Users\Martin\Proyectos\CheckIn Turnos\CheckIn Turnos\IdentificacionForm.cs:línea 66
   en CheckIn_Turnos.TurnosForm.<administracion_cmd_Click>b__6() en C:\Users\Martin\Proyectos\CheckIn Turnos\CheckIn Turnos\TurnosForm.cs:línea 141
   en CheckIn_Turnos.ErrorHandlerForGUI.intentar(Action sinManejoDeExcepciones) en C:\Users\Martin\Proyectos\CheckIn Turnos\CheckIn Turnos\ErrorHandlerForGUI.cs:línea 20)
12/02/02 10:02:34    INICIA APPLICACION ...........................
12/02/02 10:02:34    InterfazDb iniciada.
12/02/02 10:02:34    System.Data.OleDb.OleDbException  (Microsoft Access Database Engine - Void .ctor(System.Data.OleDb.OleDbConnectionString, System.Data.OleDb.OleDbConnection)): [msg: interfazDB] No se pudo encontrar el archivo 'C:\Users\Martin\Proyectos\CheckIn Turnos\CheckIn Turnos\bin\Release\Bar Turnos.accdb'. (   en System.Data.OleDb.OleDbConnectionInternal..ctor(OleDbConnectionString constr, OleDbConnection connection)
   en System.Data.OleDb.OleDbConnectionFactory.CreateConnection(DbConnectionOptions options, Object poolGroupProviderInfo, DbConnectionPool pool, DbConnection owningObject)
   en System.Data.ProviderBase.DbConnectionFactory.CreateNonPooledConnection(DbConnection owningConnection, DbConnectionPoolGroup poolGroup)
   en System.Data.ProviderBase.DbConnectionFactory.GetConnection(DbConnection owningConnection)
   en System.Data.ProviderBase.DbConnectionClosed.OpenConnection(DbConnection outerConnection, DbConnectionFactory connectionFactory)
   en System.Data.OleDb.OleDbConnection.Open()
   en dbTurnos.DataSQL.AutoGeneratedDataTable.Refrescar() en C:\Users\Martin\Proyectos\CheckIn Turnos\db -Turnos\AutoGeneratedDataTable.cs:línea 42
   en dbTurnos.DataSQL.AutoGeneratedDataTable..ctor(String consulta) en C:\Users\Martin\Proyectos\CheckIn Turnos\db -Turnos\AutoGeneratedDataTable.cs:línea 28
   en dbTurnos.InterfazDb.TurnosGetAbiertos() en C:\Users\Martin\Proyectos\CheckIn Turnos\db -Turnos\InterfazDb.cs:línea 46)
12/02/02 10:02:34    System.Data.OleDb.OleDbException  (Microsoft Access Database Engine - Void .ctor(System.Data.OleDb.OleDbConnectionString, System.Data.OleDb.OleDbConnection)): [msg: ErrHandler4GUI] No se pudo encontrar el archivo 'C:\Users\Martin\Proyectos\CheckIn Turnos\CheckIn Turnos\bin\Release\Bar Turnos.accdb'. (   en dbTurnos.InterfazDb.TurnosGetAbiertos() en C:\Users\Martin\Proyectos\CheckIn Turnos\db -Turnos\InterfazDb.cs:línea 51
   en CheckIn_Turnos.TurnosForm.<ActualizarTurnos>b__5() en C:\Users\Martin\Proyectos\CheckIn Turnos\CheckIn Turnos\TurnosForm.cs:línea 109
   en CheckIn_Turnos.ErrorHandlerForGUI.intentar(Action sinManejoDeExcepciones) en C:\Users\Martin\Proyectos\CheckIn Turnos\CheckIn Turnos\ErrorHandlerForGUI.cs:línea 20)
12/02/02 10:02:42    INICIA APPLICACION ...........................
12/02/02 10:02:42    InterfazDb iniciada.
12/02/02 10:03:21    System.Data.OleDb.OleDbException  (Microsoft Access Database Engine - Void .ctor(System.Data.OleDb.OleDbConnectionString, System.Data.OleDb.OleDbConnection)): [msg: interfazDB] No se pudo encontrar el archivo 'C:\Users\Martin\Proyectos\CheckIn Turnos\CheckIn Turnos\bin\Release\Bar Turnos.accdb'. (   en System.Data.OleDb.OleDbConnectionInternal..ctor(OleDbConnectionString constr, OleDbConnection connection)
   en System.Data.OleDb.OleDbConnectionFactory.CreateConnection(DbConnectionOptions options, Object poolGroupProviderInfo, DbConnectionPool pool, DbConnection owningObject)
   en System.Data.ProviderBase.DbConnectionFactory.CreateNonPooledConnection(DbConnection owningConnection, DbConnectionPoolGroup poolGroup)
   en System.Data.ProviderBase.DbConnectionFactory.GetConnection(DbConnection owningConnection)
   en System.Data.ProviderBase.DbConnectionClosed.OpenConnection(DbConnection outerConnection, DbConnectionFactory connectionFactory)
   en System.Data.OleDb.OleDbConnection.Open()
   en dbTurnos.DataSQL.AutoGeneratedDataTable.Refrescar() en C:\Users\Martin\Proyectos\CheckIn Turnos\db -Turnos\AutoGeneratedDataTable.cs:línea 42
   en dbTurnos.DataSQL.AutoGeneratedDataTable..ctor(String consulta) en C:\Users\Martin\Proyectos\CheckIn Turnos\db -Turnos\AutoGeneratedDataTable.cs:línea 28
   en dbTurnos.InterfazDb.Identificar(String usuario, String contraseña) en C:\Users\Martin\Proyectos\CheckIn Turnos\db -Turnos\InterfazDb.cs:línea 137)
12/02/02 10:04:53    System.Data.OleDb.OleDbException  (Microsoft Access Database Engine - Void .ctor(System.Data.OleDb.OleDbConnectionString, System.Data.OleDb.OleDbConnection)): [msg: ErrHandler4GUI] No se pudo encontrar el archivo 'C:\Users\Martin\Proyectos\CheckIn Turnos\CheckIn Turnos\bin\Release\Bar Turnos.accdb'. (   en dbTurnos.InterfazDb.Identificar(String usuario, String contraseña) en C:\Users\Martin\Proyectos\CheckIn Turnos\db -Turnos\InterfazDb.cs:línea 152
   en CheckIn_Turnos.IdentificacionForm.ingresar_cmd_Click(Object sender, EventArgs e) en C:\Users\Martin\Proyectos\CheckIn Turnos\CheckIn Turnos\IdentificacionForm.cs:línea 36
   en System.Windows.Forms.Control.OnClick(EventArgs e)
   en System.Windows.Forms.Button.OnClick(EventArgs e)
   en System.Windows.Forms.Button.OnMouseUp(MouseEventArgs mevent)
   en System.Windows.Forms.Control.WmMouseUp(Message& m, MouseButtons button, Int32 clicks)
   en System.Windows.Forms.Control.WndProc(Message& m)
   en System.Windows.Forms.ButtonBase.WndProc(Message& m)
   en System.Windows.Forms.Button.WndProc(Message& m)
   en System.Windows.Forms.Control.ControlNativeWindow.OnMessage(Message& m)
   en System.Windows.Forms.Control.ControlNativeWindow.WndProc(Message& m)
   en System.Windows.Forms.NativeWindow.DebuggableCallback(IntPtr hWnd, Int32 msg, IntPtr wparam, IntPtr lparam)
   en System.Windows.Forms.UnsafeNativeMethods.DispatchMessageW(MSG& msg)
   en System.Windows.Forms.Application.ComponentManager.System.Windows.Forms.UnsafeNativeMethods.IMsoComponentManager.FPushMessageLoop(IntPtr dwComponentID, Int32 reason, Int32 pvLoopData)
   en System.Windows.Forms.Application.ThreadContext.RunMessageLoopInner(Int32 reason, ApplicationContext context)
   en System.Windows.Forms.Application.ThreadContext.RunMessageLoop(Int32 reason, ApplicationContext context)
   en System.Windows.Forms.Application.RunDialog(Form form)
   en System.Windows.Forms.Form.ShowDialog(IWin32Window owner)
   en CheckIn_Turnos.IdentificacionForm.ShowDialog(IWin32Window owner, Boolean permitirRequerirCambio) en C:\Users\Martin\Proyectos\CheckIn Turnos\CheckIn Turnos\IdentificacionForm.cs:línea 66
   en CheckIn_Turnos.TurnosForm.<administracion_cmd_Click>b__6() en C:\Users\Martin\Proyectos\CheckIn Turnos\CheckIn Turnos\TurnosForm.cs:línea 141
   en CheckIn_Turnos.ErrorHandlerForGUI.intentar(Action sinManejoDeExcepciones) en C:\Users\Martin\Proyectos\CheckIn Turnos\CheckIn Turnos\ErrorHandlerForGUI.cs:línea 20)
12/02/02 10:09:48    INICIA APPLICACION ...........................
12/02/02 10:09:48    InterfazDb iniciada.
12/02/02 10:11:05    INICIA APPLICACION ...........................
12/02/02 10:11:05    InterfazDb iniciada.
12/02/02 10:21:07    INICIA APPLICACION ...........................
12/02/02 10:21:08    InterfazDb iniciada.
12/02/02 16:28:04    INICIA APPLICACION ...........................
12/02/02 16:28:04    InterfazDb iniciada.
12/02/02 16:29:26    INICIA APPLICACION ...........................
12/02/02 16:29:26    InterfazDb iniciada.
12/02/02 16:33:28    INICIA APPLICACION ...........................
12/02/02 16:33:28    InterfazDb iniciada.
12/02/02 16:33:28    System.Data.OleDb.OleDbException  (Microsoft Access Database Engine - Void .ctor(System.Data.OleDb.OleDbConnectionString, System.Data.OleDb.OleDbConnection)): [msg: interfazDB] No se pudo encontrar el archivo 'C:\Users\Martin\Proyectos\CheckIn Turnos\CheckIn Turnos\bin\Release\Bar Turnos.accdb'. (   en System.Data.OleDb.OleDbConnectionInternal..ctor(OleDbConnectionString constr, OleDbConnection connection)
   en System.Data.OleDb.OleDbConnectionFactory.CreateConnection(DbConnectionOptions options, Object poolGroupProviderInfo, DbConnectionPool pool, DbConnection owningObject)
   en System.Data.ProviderBase.DbConnectionFactory.CreateNonPooledConnection(DbConnection owningConnection, DbConnectionPoolGroup poolGroup)
   en System.Data.ProviderBase.DbConnectionFactory.GetConnection(DbConnection owningConnection)
   en System.Data.ProviderBase.DbConnectionClosed.OpenConnection(DbConnection outerConnection, DbConnectionFactory connectionFactory)
   en System.Data.OleDb.OleDbConnection.Open()
   en dbTurnos.DataSQL.AutoGeneratedDataTable.Refrescar() en C:\Users\Martin\Proyectos\CheckIn Turnos\db -Turnos\AutoGeneratedDataTable.cs:línea 42
   en dbTurnos.DataSQL.AutoGeneratedDataTable..ctor(String consulta) en C:\Users\Martin\Proyectos\CheckIn Turnos\db -Turnos\AutoGeneratedDataTable.cs:línea 28
   en dbTurnos.InterfazDb.TurnosGetAbiertos() en C:\Users\Martin\Proyectos\CheckIn Turnos\db -Turnos\InterfazDb.cs:línea 46)
12/02/02 16:33:28    System.Data.OleDb.OleDbException  (Microsoft Access Database Engine - Void .ctor(System.Data.OleDb.OleDbConnectionString, System.Data.OleDb.OleDbConnection)): [msg: ErrHandler4GUI] No se pudo encontrar el archivo 'C:\Users\Martin\Proyectos\CheckIn Turnos\CheckIn Turnos\bin\Release\Bar Turnos.accdb'. (   en dbTurnos.InterfazDb.TurnosGetAbiertos() en C:\Users\Martin\Proyectos\CheckIn Turnos\db -Turnos\InterfazDb.cs:línea 51
   en CheckIn_Turnos.TurnosForm.<ActualizarTurnos>b__5() en C:\Users\Martin\Proyectos\CheckIn Turnos\CheckIn Turnos\TurnosForm.cs:línea 109
   en CheckIn_Turnos.ErrorHandlerForGUI.intentar(Action sinManejoDeExcepciones) en C:\Users\Martin\Proyectos\CheckIn Turnos\CheckIn Turnos\ErrorHandlerForGUI.cs:línea 20)
12/02/02 16:34:08    INICIA APPLICACION ...........................
12/02/02 16:34:08    InterfazDb iniciada.
12/02/02 16:37:09    INICIA APPLICACION ...........................
12/02/02 16:37:09    InterfazDb iniciada.
12/03/05 15:21:42    INICIA APPLICACION ...........................
12/03/05 15:21:42    InterfazDb iniciada.
12/03/05 15:21:44    System.Data.OleDb.OleDbException  (Microsoft Access Database Engine - Void .ctor(System.Data.OleDb.OleDbConnectionString, System.Data.OleDb.OleDbConnection)): [msg: interfazDB] No se pudo encontrar el archivo 'C:\Users\Martin\Desktop\Proyectos\CheckIn Turnos\CheckIn Turnos\bin\Release\Bar Turnos.mdb'. (   en System.Data.OleDb.OleDbConnectionInternal..ctor(OleDbConnectionString constr, OleDbConnection connection)
   en System.Data.OleDb.OleDbConnectionFactory.CreateConnection(DbConnectionOptions options, Object poolGroupProviderInfo, DbConnectionPool pool, DbConnection owningObject)
   en System.Data.ProviderBase.DbConnectionFactory.CreateNonPooledConnection(DbConnection owningConnection, DbConnectionPoolGroup poolGroup)
   en System.Data.ProviderBase.DbConnectionFactory.GetConnection(DbConnection owningConnection)
   en System.Data.ProviderBase.DbConnectionClosed.OpenConnection(DbConnection outerConnection, DbConnectionFactory connectionFactory)
   en System.Data.OleDb.OleDbConnection.Open()
   en dbTurnos.DataSQL.AutoGeneratedDataTable.Refrescar() en C:\Users\Martin\Proyectos\CheckIn Turnos\db -Turnos\AutoGeneratedDataTable.cs:línea 42
   en dbTurnos.DataSQL.AutoGeneratedDataTable..ctor(String consulta) en C:\Users\Martin\Proyectos\CheckIn Turnos\db -Turnos\AutoGeneratedDataTable.cs:línea 28
   en dbTurnos.InterfazDb.TurnosGetAbiertos() en C:\Users\Martin\Proyectos\CheckIn Turnos\db -Turnos\InterfazDb.cs:línea 46)
12/03/05 15:21:44    System.Data.OleDb.OleDbException  (Microsoft Access Database Engine - Void .ctor(System.Data.OleDb.OleDbConnectionString, System.Data.OleDb.OleDbConnection)): [msg: ErrHandler4GUI] No se pudo encontrar el archivo 'C:\Users\Martin\Desktop\Proyectos\CheckIn Turnos\CheckIn Turnos\bin\Release\Bar Turnos.mdb'. (   en dbTurnos.InterfazDb.TurnosGetAbiertos() en C:\Users\Martin\Proyectos\CheckIn Turnos\db -Turnos\InterfazDb.cs:línea 51
   en CheckIn_Turnos.TurnosForm.<ActualizarTurnos>b__5() en C:\Users\Martin\Desktop\Proyectos\CheckIn Turnos\CheckIn Turnos\TurnosForm.cs:línea 109
   en CheckIn_Turnos.ErrorHandlerForGUI.intentar(Action sinManejoDeExcepciones) en C:\Users\Martin\Desktop\Proyectos\CheckIn Turnos\CheckIn Turnos\ErrorHandlerForGUI.cs:línea 20)
